<?xml version="1.0" encoding="UTF-8"?>
<!-- Generated by org.testng.reporters.JUnitXMLReporter -->
<testsuite hostname="RSI1569" ignored="0" name="Automacao utilizando TDD" tests="6" failures="1" timestamp="10 Feb 2020 13:10:41 GMT" time="143.683" errors="0">
  <testcase name="deveCadastrarUmUsuario" time="37.497" classname="br.com.rsinet.hub_tdd.testes.TesteFormulario"/>
  <testcase name="validarBotaoRegistrarDesabilitadoSemDadosPreenchidos" time="9.97" classname="br.com.rsinet.hub_tdd.testes.TesteFormulario"/>
  <testcase name="pesquisaProdutoTela" time="5.286" classname="br.com.rsinet.hub_tdd.testes.ConsultarProdutoHome"/>
  <testcase name="validandoQuantidadeErrada" time="17.936" classname="br.com.rsinet.hub_tdd.testes.ConsultarProdutoHome">
    <failure type="org.openqa.selenium.StaleElementReferenceException" message="androidx.test.uiautomator.StaleObjectException
For documentation on this error, please visit: https://www.seleniumhq.org/exceptions/stale_element_reference.html
Build info: version: &amp;apos;3.141.59&amp;apos;, revision: &amp;apos;e82be7d358&amp;apos;, time: &amp;apos;2018-11-14T08:17:03&amp;apos;
System info: host: &amp;apos;RSI1569&amp;apos;, ip: &amp;apos;100.67.13.213&amp;apos;, os.name: &amp;apos;Windows 10&amp;apos;, os.arch: &amp;apos;amd64&amp;apos;, os.version: &amp;apos;10.0&amp;apos;, java.version: &amp;apos;1.8.0_121&amp;apos;
Driver info: io.appium.java_client.android.AndroidDriver
Capabilities {appActivity: com.Advantage.aShopping.Spl..., appPackage: com.Advantage.aShopping, databaseEnabled: false, desired: {appActivity: com.Advantage.aShopping.Spl..., appPackage: com.Advantage.aShopping, deviceName: emuladorAngel, platformName: android, platformVersion: 9, resetKeyboard: true, udid: emulator-5554, unicodeKeyboard: true}, deviceApiLevel: 28, deviceManufacturer: Google, deviceModel: AOSP on IA Emulator, deviceName: emulator-5554, deviceScreenDensity: 420, deviceScreenSize: 1080x1920, deviceUDID: emulator-5554, javascriptEnabled: true, locationContextEnabled: false, networkConnectionEnabled: true, pixelRatio: 2.625, platform: LINUX, platformName: Android, platformVersion: 9, resetKeyboard: true, statBarHeight: 63, takesScreenshot: true, udid: emulator-5554, unicodeKeyboard: true, viewportRect: {height: 1731, left: 0, top: 63, width: 1080}, warnings: {}, webStorageEnabled: false}
Session ID: 460eb40b-d315-439d-b1e1-794aa0ca8d2b">
      <![CDATA[org.openqa.selenium.StaleElementReferenceException: androidx.test.uiautomator.StaleObjectException
For documentation on this error, please visit: https://www.seleniumhq.org/exceptions/stale_element_reference.html
Build info: version: '3.141.59', revision: 'e82be7d358', time: '2018-11-14T08:17:03'
System info: host: 'RSI1569', ip: '100.67.13.213', os.name: 'Windows 10', os.arch: 'amd64', os.version: '10.0', java.version: '1.8.0_121'
Driver info: io.appium.java_client.android.AndroidDriver
Capabilities {appActivity: com.Advantage.aShopping.Spl..., appPackage: com.Advantage.aShopping, databaseEnabled: false, desired: {appActivity: com.Advantage.aShopping.Spl..., appPackage: com.Advantage.aShopping, deviceName: emuladorAngel, platformName: android, platformVersion: 9, resetKeyboard: true, udid: emulator-5554, unicodeKeyboard: true}, deviceApiLevel: 28, deviceManufacturer: Google, deviceModel: AOSP on IA Emulator, deviceName: emulator-5554, deviceScreenDensity: 420, deviceScreenSize: 1080x1920, deviceUDID: emulator-5554, javascriptEnabled: true, locationContextEnabled: false, networkConnectionEnabled: true, pixelRatio: 2.625, platform: LINUX, platformName: Android, platformVersion: 9, resetKeyboard: true, statBarHeight: 63, takesScreenshot: true, udid: emulator-5554, unicodeKeyboard: true, viewportRect: {height: 1731, left: 0, top: 63, width: 1080}, warnings: {}, webStorageEnabled: false}
Session ID: 460eb40b-d315-439d-b1e1-794aa0ca8d2b
	at org.openqa.selenium.remote.http.W3CHttpResponseCodec.createException(W3CHttpResponseCodec.java:187)
	at org.openqa.selenium.remote.http.W3CHttpResponseCodec.decode(W3CHttpResponseCodec.java:122)
	at org.openqa.selenium.remote.http.W3CHttpResponseCodec.decode(W3CHttpResponseCodec.java:49)
	at org.openqa.selenium.remote.HttpCommandExecutor.execute(HttpCommandExecutor.java:158)
	at io.appium.java_client.remote.AppiumCommandExecutor.execute(AppiumCommandExecutor.java:239)
	at org.openqa.selenium.remote.RemoteWebDriver.execute(RemoteWebDriver.java:552)
	at io.appium.java_client.DefaultGenericMobileDriver.execute(DefaultGenericMobileDriver.java:42)
	at io.appium.java_client.AppiumDriver.execute(AppiumDriver.java:1)
	at io.appium.java_client.android.AndroidDriver.execute(AndroidDriver.java:1)
	at org.openqa.selenium.remote.RemoteWebElement.execute(RemoteWebElement.java:285)
	at io.appium.java_client.DefaultGenericMobileElement.execute(DefaultGenericMobileElement.java:45)
	at io.appium.java_client.MobileElement.execute(MobileElement.java:1)
	at io.appium.java_client.android.AndroidElement.execute(AndroidElement.java:1)
	at org.openqa.selenium.remote.RemoteWebElement.clear(RemoteWebElement.java:124)
	at br.com.rsinet.hub_tdd.TelaObject.TelaProdutosObject.escolherQuantidades(TelaProdutosObject.java:38)
	at br.com.rsinet.hub_tdd.testes.ConsultarProdutoHome.validandoQuantidadeErrada(ConsultarProdutoHome.java:89)
... Removed 29 stack frames]]>
    </failure>
  </testcase> <!-- validandoQuantidadeErrada -->
  <testcase name="pesquisaProdutoCampo" time="7.659" classname="br.com.rsinet.hub_tdd.testes.ConsultarProdutoLupa"/>
  <testcase name="pesquisarProdutoInexistente" time="4.872" classname="br.com.rsinet.hub_tdd.testes.ConsultarProdutoLupa"/>
</testsuite> <!-- Automacao utilizando TDD -->
